<?xml version="1.0" encoding="UTF-8"?>
<!-- Generated by org.testng.reporters.JUnitReportReporter -->
<testsuite hostname="FVFJ119QQ6LR" failures="0" tests="1" name="Test.irctc" time="43.768" errors="0" timestamp="2023-05-10T12:22:24 IST" skipped="0">
  <testcase classname="Test.irctc" name="TC1" time="43.768"/>
  <system-out/>
</testsuite> <!-- Test.irctc -->
